Performing C SOURCE FILE Test CMAKE_HAVE_LIBC_PTHREAD failed with the following output:
Change Dir: /grpc/grpc/projekat/cmake/build/CMakeFiles/CMakeTmp

Run Build Command(s):/usr/bin/gmake cmTC_29362/fast && /usr/bin/gmake  -f CMakeFiles/cmTC_29362.dir/build.make CMakeFiles/cmTC_29362.dir/build
gmake[1]: Entering directory '/grpc/grpc/projekat/cmake/build/CMakeFiles/CMakeTmp'
Building C object CMakeFiles/cmTC_29362.dir/src.c.o
/usr/bin/cc -DCMAKE_HAVE_LIBC_PTHREAD   -o CMakeFiles/cmTC_29362.dir/src.c.o -c /grpc/grpc/projekat/cmake/build/CMakeFiles/CMakeTmp/src.c
Linking C executable cmTC_29362
/grpc/.local/bin/cmake -E cmake_link_script CMakeFiles/cmTC_29362.dir/link.txt --verbose=1
/usr/bin/cc CMakeFiles/cmTC_29362.dir/src.c.o -o cmTC_29362 
/usr/bin/ld: CMakeFiles/cmTC_29362.dir/src.c.o: in function `main':
src.c:(.text+0x2d): undefined reference to `pthread_create'
/usr/bin/ld: src.c:(.text+0x39): undefined reference to `pthread_detach'
/usr/bin/ld: src.c:(.text+0x45): undefined reference to `pthread_cancel'
/usr/bin/ld: src.c:(.text+0x56): undefined reference to `pthread_join'
collect2: error: ld returned 1 exit status
gmake[1]: *** [CMakeFiles/cmTC_29362.dir/build.make:106: cmTC_29362] Error 1
gmake[1]: Leaving directory '/grpc/grpc/projekat/cmake/build/CMakeFiles/CMakeTmp'
gmake: *** [Makefile:140: cmTC_29362/fast] Error 2


Source file was:
#include <pthread.h>

static void* test_func(void* data)
{
  return data;
}

int main(void)
{
  pthread_t thread;
  pthread_create(&thread, NULL, test_func, NULL);
  pthread_detach(thread);
  pthread_cancel(thread);
  pthread_join(thread, NULL);
  pthread_atfork(NULL, NULL, NULL);
  pthread_exit(NULL);

  return 0;
}

Determining if the function pthread_create exists in the pthreads failed with the following output:
Change Dir: /grpc/grpc/projekat/cmake/build/CMakeFiles/CMakeTmp

Run Build Command(s):/usr/bin/gmake cmTC_fdcac/fast && /usr/bin/gmake  -f CMakeFiles/cmTC_fdcac.dir/build.make CMakeFiles/cmTC_fdcac.dir/build
gmake[1]: Entering directory '/grpc/grpc/projekat/cmake/build/CMakeFiles/CMakeTmp'
Building C object CMakeFiles/cmTC_fdcac.dir/CheckFunctionExists.c.o
/usr/bin/cc   -DCHECK_FUNCTION_EXISTS=pthread_create -o CMakeFiles/cmTC_fdcac.dir/CheckFunctionExists.c.o -c /grpc/.local/share/cmake-3.19/Modules/CheckFunctionExists.c
Linking C executable cmTC_fdcac
/grpc/.local/bin/cmake -E cmake_link_script CMakeFiles/cmTC_fdcac.dir/link.txt --verbose=1
/usr/bin/cc  -DCHECK_FUNCTION_EXISTS=pthread_create CMakeFiles/cmTC_fdcac.dir/CheckFunctionExists.c.o -o cmTC_fdcac  -lpthreads 
/usr/bin/ld: cannot find -lpthreads
collect2: error: ld returned 1 exit status
gmake[1]: *** [CMakeFiles/cmTC_fdcac.dir/build.make:106: cmTC_fdcac] Error 1
gmake[1]: Leaving directory '/grpc/grpc/projekat/cmake/build/CMakeFiles/CMakeTmp'
gmake: *** [Makefile:140: cmTC_fdcac/fast] Error 2



